mobile-app/android/app/build/outputs/mapping/release/seeds.txt
com.dtps.dietary.MainActivity$setupWebView$3
com.dtps.dietary.R$string
com.dtps.dietary.BootCompletedReceiver
com.dtps.dietary.R
com.dtps.dietary.MainActivity$Companion
com.dtps.dietary.R$mipmap
com.dtps.dietary.R$id
com.dtps.dietary.DTPSApplication
com.dtps.dietary.R$layout
com.dtps.dietary.DTPSFirebaseMessagingService$Companion
com.dtps.dietary.DTPSApplication$Companion
com.dtps.dietary.R$xml
com.dtps.dietary.MainActivity$SplashInterface
com.dtps.dietary.MainActivity
com.dtps.dietary.R$color
com.dtps.dietary.R$drawable
com.dtps.dietary.DTPSFirebaseMessagingService
com.dtps.dietary.R$style
com.dtps.dietary.MainActivity$NativeInterface
com.dtps.dietary.MainActivity$setupBackHandler$1
com.dtps.dietary.BootCompletedReceiver$Companion
com.dtps.dietary.MainActivity$setupWebView$2
com.dtps.dietary.MainActivity$setupSplashWebView$2
com.dtps.dietary.databinding.ActivityMainBinding
com.dtps.dietary.MainActivity$foregroundNotificationReceiver$1
com.dtps.dietary.R$string: int no_internet
com.dtps.dietary.R$string: int exit_message
com.dtps.dietary.databinding.ActivityMainBinding: android.widget.TextView offlineText
com.dtps.dietary.BootCompletedReceiver: com.dtps.dietary.BootCompletedReceiver$Companion Companion
com.dtps.dietary.databinding.ActivityMainBinding: android.widget.LinearLayout offlineView
com.dtps.dietary.DTPSFirebaseMessagingService: java.lang.String ACTION_FOREGROUND_NOTIFICATION
com.dtps.dietary.DTPSApplication: java.lang.String CHANNEL_NAME
com.dtps.dietary.databinding.ActivityMainBinding: android.widget.ProgressBar progressBar
com.dtps.dietary.R$string: int gcm_defaultSenderId
com.dtps.dietary.R$drawable: int ic_offline
com.dtps.dietary.R$drawable: int ic_notification
com.dtps.dietary.MainActivity$setupBackHandler$1: com.dtps.dietary.MainActivity this$0
com.dtps.dietary.DTPSFirebaseMessagingService: java.lang.String CHANNEL_ID_TASKS
com.dtps.dietary.MainActivity$setupWebView$2: com.dtps.dietary.MainActivity this$0
com.dtps.dietary.DTPSApplication: java.lang.String CHANNEL_ID
com.dtps.dietary.MainActivity$setupWebView$3: com.dtps.dietary.MainActivity this$0
com.dtps.dietary.R$string: int google_crash_reporting_api_key
com.dtps.dietary.DTPSFirebaseMessagingService: java.lang.String CHANNEL_ID_DEFAULT
com.dtps.dietary.R$string: int app_name
com.dtps.dietary.MainActivity: androidx.activity.result.ActivityResultLauncher galleryPickerLauncher
com.dtps.dietary.MainActivity$SplashInterface: com.dtps.dietary.MainActivity this$0
com.dtps.dietary.R$string: int cancel
com.dtps.dietary.DTPSFirebaseMessagingService: java.lang.String CHANNEL_NAME_PAYMENTS
com.dtps.dietary.MainActivity$foregroundNotificationReceiver$1: com.dtps.dietary.MainActivity this$0
com.dtps.dietary.R$mipmap: int ic_launcher
com.dtps.dietary.MainActivity: androidx.activity.result.ActivityResultLauncher multiplePermissionsLauncher
com.dtps.dietary.MainActivity: android.view.View retryButton
com.dtps.dietary.R$color: int gray
com.dtps.dietary.R$color: int notification_color
com.dtps.dietary.R$color: int primary
com.dtps.dietary.R$string: int google_storage_bucket
com.dtps.dietary.MainActivity: android.view.View offlineView
com.dtps.dietary.DTPSApplication: java.lang.String TAG
com.dtps.dietary.MainActivity: java.lang.String APP_URL
com.dtps.dietary.R$string: int offline
com.dtps.dietary.DTPSFirebaseMessagingService: java.lang.String CHANNEL_NAME_CALLS
com.dtps.dietary.MainActivity$setupSplashWebView$2: com.dtps.dietary.MainActivity this$0
com.dtps.dietary.MainActivity: androidx.activity.result.ActivityResultLauncher combinedPickerLauncher
com.dtps.dietary.R$string: int project_id
com.dtps.dietary.R$color: int primary_dark
com.dtps.dietary.R$layout: int activity_main
com.dtps.dietary.MainActivity: android.os.Handler mainHandler
com.dtps.dietary.MainActivity: android.widget.TextView offlineText
com.dtps.dietary.MainActivity: boolean splashComplete
com.dtps.dietary.DTPSFirebaseMessagingService: java.lang.String CHANNEL_ID_PAYMENTS
...
com.google.android.gms.internal.measurement.zzgc$zza$zzc: int zze
androidx.concurrent.futures.AbstractResolvableFuture: androidx.concurrent.futures.AbstractResolvableFuture$Waiter waiters
com.google.android.gms.signin.internal.zai: android.os.Parcelable$Creator CREATOR
com.google.android.gms.internal.measurement.zzgf$zzk: java.lang.String zzax
com.google.android.gms.internal.measurement.zzgc$zzd: com.google.android.gms.internal.measurement.zzkm zzk
com.google.android.gms.measurement.AppMeasurement$ConditionalUserProperty: java.lang.String mTimedOutEventName
com.google.android.gms.internal.measurement.zzgc$zzd: com.google.android.gms.internal.measurement.zzgc$zza zzr
com.google.android.gms.internal.measurement.zzkg: int zzd
androidx.lifecycle.Lifecycle$Event: androidx.lifecycle.Lifecycle$Event ON_DESTROY
com.google.android.gms.internal.measurement.zzgf$zzk: java.lang.String zzv
com.google.android.gms.internal.measurement.zzgf$zzk: java.lang.String zzah
com.google.android.gms.internal.measurement.zzgf$zzc: com.google.android.gms.internal.measurement.zzgf$zzc zzc
com.google.android.gms.internal.measurement.zzgf$zzk: long zzbg
com.google.android.gms.internal.measurement.zzgf$zzm: com.google.android.gms.internal.measurement.zzgf$zzm zzc
org.chromium.support_lib_boundary.ProcessGlobalConfigConstants: java.lang.String CACHE_DIRECTORY_BASE_PATH
com.google.android.gms.internal.measurement.zzfw$zza: com.google.android.gms.internal.measurement.zzfw$zza zzc
com.google.android.gms.internal.measurement.zzgc$zza: int zze
com.google.android.gms.internal.measurement.zzgf$zzd: int zzf
com.google.android.gms.internal.measurement.zzgc$zzb: int zze
kotlinx.coroutines.scheduling.WorkQueue: java.lang.Object lastScheduledTask
com.google.android.gms.internal.measurement.zzgf$zzh: com.google.android.gms.internal.measurement.zzlz zzd
com.google.android.gms.internal.measurement.zzgf$zza: long zzm
androidx.fragment.app.BackStackRecordState: android.os.Parcelable$Creator CREATOR
com.google.android.gms.internal.measurement.zzgf$zzf: com.google.android.gms.internal.measurement.zzkm zzf
kotlinx.coroutines.internal.LockFreeLinkedListNode: java.lang.Object _prev
org.chromium.support_lib_boundary.WebSettingsBoundaryInterface$WebViewMediaIntegrityApiStatus: int ENABLED_WITHOUT_APP_IDENTITY
com.google.android.gms.internal.measurement.zzgc$zzg: java.lang.String zzg
org.chromium.support_lib_boundary.WebSettingsBoundaryInterface$WebauthnSupport: int NONE
com.google.android.gms.internal.measurement.zzgf$zzp: double zzk
com.google.android.gms.common.internal.RootTelemetryConfiguration: android.os.Parcelable$Creator CREATOR
com.google.android.gms.internal.measurement.zzgc$zza$zzb: int zze
com.google.android.gms.internal.measurement.zzfw$zze: int zze
com.google.android.gms.internal.measurement.zzgf$zzj: int zzi
androidx.recyclerview.widget.RecyclerView: long getNanoTime()
androidx.appcompat.app.AppCompatActivity: void onPostCreate(android.os.Bundle)
com.google.android.material.chip.Chip: android.graphics.Rect getCloseIconTouchBoundsInt()
androidx.recyclerview.widget.RecyclerView: void setNestedScrollingEnabled(boolean)
org.chromium.support_lib_boundary.SafeBrowsingResponseBoundaryInterface: void backToSafety(boolean)
androidx.vectordrawable.graphics.drawable.VectorDrawableCompat$VPathRenderer: int getRootAlpha()
com.google.android.material.floatingactionbutton.FloatingActionButton$BaseBehavior: FloatingActionButton$BaseBehavior(android.content.Context,android.util.AttributeSet)
androidx.appcompat.widget.ViewStubCompat: android.view.LayoutInflater getLayoutInflater()
com.google.android.material.textfield.TextInputLayout: void setEndIconTintList(android.content.res.ColorStateList)
androidx.constraintlayout.widget.Barrier: boolean getAllowsGoneWidget()
androidx.recyclerview.widget.RecyclerView: void setItemAnimator(androidx.recyclerview.widget.RecyclerView$ItemAnimator)
com.google.android.material.chip.Chip: void setCloseIconStartPaddingResource(int)