mobile-app/android/app/build/outputs/mapping/release/usage.txt
com.google.android.gms.measurement.AppMeasurement$ConditionalUserProperty:
    public void <init>()
    public void <init>(com.google.android.gms.measurement.AppMeasurement$ConditionalUserProperty)
com.google.android.gms.measurement.AppMeasurement$EventInterceptor
com.google.android.gms.measurement.AppMeasurement$OnEventListener
com.google.android.gms.measurement.AppMeasurement$zza:
    abstract java.lang.Boolean zza()
    abstract java.util.Map zza(boolean)
    abstract java.lang.Double zzb()
    abstract java.lang.Integer zzc()
    abstract java.lang.Long zzd()
    abstract java.lang.String zze()
com.google.android.gms.measurement.AppMeasurement:
    public static final java.lang.String CRASH_ORIGIN
    public static final java.lang.String FCM_ORIGIN
    public static final java.lang.String FIAM_ORIGIN
    public java.lang.Boolean getBoolean()
    public java.lang.Double getDouble()
    public java.lang.Integer getInteger()
    public java.lang.Long getLong()
    public java.lang.String getString()
    public java.util.Map getUserProperties(boolean)
    public void logEventInternalNoInterceptor(java.lang.String,java.lang.String,android.os.Bundle,long)
    public void registerOnMeasurementEventListener(com.google.android.gms.measurement.AppMeasurement$OnEventListener)
    public void setEventInterceptor(com.google.android.gms.measurement.AppMeasurement$EventInterceptor)
    public void unregisterOnMeasurementEventListener(com.google.android.gms.measurement.AppMeasurement$OnEventListener)
com.google.android.gms.measurement.AppMeasurementContentProvider
com.google.android.gms.measurement.AppMeasurementReceiver:
    public final android.content.BroadcastReceiver$PendingResult doGoAsync()
com.google.android.gms.measurement.api.AppMeasurementSdk$ConditionalUserProperty
com.google.android.gms.measurement.api.AppMeasurementSdk$EventInterceptor
com.google.android.gms.measurement.api.AppMeasurementSdk$OnEventListener
com.google.android.gms.measurement.api.AppMeasurementSdk:
    public void beginAdUnitExposure(java.lang.String)
    public void clearConditionalUserProperty(java.lang.String,java.lang.String,android.os.Bundle)
    public void endAdUnitExposure(java.lang.String)
    public long generateEventId()
    public java.lang.String getAppIdOrigin()
    public java.lang.String getAppInstanceId()
    public java.util.List getConditionalUserProperties(java.lang.String,java.lang.String)
    public java.lang.String getCurrentScreenClass()
    public java.lang.String getCurrentScreenName()
    public java.lang.String getGmpAppId()
    public static com.google.android.gms.measurement.api.AppMeasurementSdk getInstance(android.content.Context)
    public static com.google.android.gms.measurement.api.AppMeasurementSdk getInstance(android.content.Context,java.lang.String,java.lang.String,java.lang.String,android.os.Bundle)
    public int getMaxUserProperties(java.lang.String)
    public java.util.Map getUserProperties(java.lang.String,java.lang.String,boolean)
    public void logEventNoInterceptor(java.lang.String,java.lang.String,android.os.Bundle,long)
    public void performAction(android.os.Bundle)
    public android.os.Bundle performActionWithResponse(android.os.Bundle)
    public void registerOnMeasurementEventListener(com.google.android.gms.measurement.api.AppMeasurementSdk$OnEventListener)
    public void setConditionalUserProperty(android.os.Bundle)
com.google.android.gms.measurement.api.R
com.google.android.gms.measurement.internal.zzgb:
    public final java.util.List zza(com.google.android.gms.measurement.internal.zzp,boolean)
com.google.android.gms.measurement.internal.zzju:
    public final java.util.List zza(boolean)
    public final void zza(java.lang.String,java.lang.String,android.os.Bundle,long)
com.google.android.gms.measurement.internal.zzkv